<?xml version="1.0" encoding="UTF-8"?>
<testsuite xmlns:xsi="http://www.w3.org/2001/XMLSchema-instance" xsi:noNamespaceSchemaLocation="https://maven.apache.org/surefire/maven-surefire-plugin/xsd/surefire-test-report.xsd" version="3.0.2" name="com.itheima.TliasWebManagementApplicationTests" time="7.586" tests="1" errors="0" skipped="0" failures="0">
  <properties>
[...]
</properties>
  <testcase name="contextLoads" classname="com.itheima.TliasWebManagementApplicationTests" time="1.795">
    <system-out><![CDATA[17:08:49,666 |-INFO in ch.qos.logback.classic.LoggerContext[default] - Found logback-core version 1.5.32
17:08:49,670 |-INFO in ch.qos.logback.classic.util.ContextInitializer@486be205 - Here is a list of configurators discovered as a service, by rank: 
17:08:49,670 |-INFO in ch.qos.logback.classic.util.ContextInitializer@486be205 -   org.springframework.boot.logging.logback.RootLogLevelConfigurator
17:08:49,670 |-INFO in ch.qos.logback.classic.util.ContextInitializer@486be205 - They will be invoked in order until ExecutionStatus.DO_NOT_INVOKE_NEXT_IF_ANY is returned.
17:08:49,670 |-INFO in ch.qos.logback.classic.util.ContextInitializer@486be205 - Constructed configurator of type class org.springframework.boot.logging.logback.RootLogLevelConfigurator
17:08:49,677 |-INFO in ch.qos.logback.classic.util.ContextInitializer@486be205 - org.springframework.boot.logging.logback.RootLogLevelConfigurator.configure() call lasted 2 milliseconds. ExecutionStatus=INVOKE_NEXT_IF_ANY
17:08:49,677 |-INFO in ch.qos.logback.classic.util.ContextInitializer@486be205 - Trying to configure with ch.qos.logback.classic.util.DefaultJoranConfigurator
17:08:49,678 |-INFO in ch.qos.logback.classic.util.ContextInitializer@486be205 - Constructed configurator of type class ch.qos.logback.classic.util.DefaultJoranConfigurator
17:08:49,679 |-INFO in ch.qos.logback.classic.LoggerContext[default] - Could NOT find resource [logback-test.xml]
17:08:49,683 |-INFO in ch.qos.logback.classic.LoggerContext[default] - Found resource [logback.xml] at [file:/D:/SHEN/projects/java/web-project/springboot-web-02/tlias-web-management/target/classes/logback.xml]
17:08:49,853 |-INFO in ch.qos.logback.classic.model.processor.ConfigurationModelHandlerFull - Scan attribute not set or set to unrecognized value.
17:08:49,867 |-INFO in ch.qos.logback.core.model.processor.AppenderModelHandler - Processing appender named [STDOUT]
17:08:49,867 |-INFO in ch.qos.logback.core.model.processor.AppenderModelHandler - About to instantiate appender of type [ch.qos.logback.core.ConsoleAppender]
17:08:49,880 |-INFO in ch.qos.logback.core.model.processor.ImplicitModelHandler - Assuming default type [ch.qos.logback.classic.encoder.PatternLayoutEncoder] for [encoder] property
17:08:49,934 |-INFO in ch.qos.logback.core.ConsoleAppender[STDOUT] - NOTE: Writing to the console can be slow. Try to avoid logging to the 
17:08:49,934 |-INFO in ch.qos.logback.core.ConsoleAppender[STDOUT] - console in production environments, especially in high volume systems.
17:08:49,934 |-INFO in ch.qos.logback.core.ConsoleAppender[STDOUT] - See also https://logback.qos.ch/codes.html#slowConsole
17:08:49,936 |-INFO in ch.qos.logback.core.model.processor.AppenderModelHandler - Processing appender named [FILE]
17:08:49,936 |-INFO in ch.qos.logback.core.model.processor.AppenderModelHandler - About to instantiate appender of type [ch.qos.logback.core.rolling.RollingFileAppender]
17:08:49,953 |-WARN in ch.qos.logback.core.model.processor.ImplicitModelHandler - Ignoring unknown property [maxFileSize] in [ch.qos.logback.core.rolling.TimeBasedRollingPolicy]
17:08:49,954 |-INFO in c.q.l.core.rolling.TimeBasedRollingPolicy@259077766 - No compression will be used
17:08:49,961 |-INFO in c.q.l.core.rolling.TimeBasedRollingPolicy@259077766 - Will use the pattern logs/tlias-web-management.%d{yyyy-MM-dd}.log for the active file
17:08:49,968 |-INFO in c.q.l.core.rolling.DefaultTimeBasedFileNamingAndTriggeringPolicy - The date pattern is 'yyyy-MM-dd' from file name pattern 'logs/tlias-web-management.%d{yyyy-MM-dd}.log'.
17:08:49,968 |-INFO in c.q.l.core.rolling.DefaultTimeBasedFileNamingAndTriggeringPolicy - Roll-over at midnight.
17:08:49,970 |-INFO in c.q.l.core.rolling.DefaultTimeBasedFileNamingAndTriggeringPolicy - Setting initial period to 2026-03-20T08:35:32.581Z
17:08:49,970 |-INFO in ch.qos.logback.core.model.processor.ImplicitModelHandler - Assuming default type [ch.qos.logback.classic.encoder.PatternLayoutEncoder] for [encoder] property
17:08:49,974 |-INFO in ch.qos.logback.core.rolling.RollingFileAppender[FILE] - Active log file name: logs/tlias-web-management.log
17:08:49,974 |-INFO in ch.qos.logback.core.rolling.RollingFileAppender[FILE] - File property is set to [logs/tlias-web-management.log]
17:08:49,977 |-INFO in ch.qos.logback.classic.model.processor.LoggerModelHandler - Setting level of logger [com.itheima] to INFO
17:08:49,977 |-INFO in ch.qos.logback.classic.model.processor.RootLoggerModelHandler - Setting level of ROOT logger to INFO
17:08:49,977 |-INFO in ch.qos.logback.core.model.processor.AppenderRefModelHandler - Attaching appender named [STDOUT] to Logger[ROOT]
17:08:49,977 |-INFO in ch.qos.logback.core.model.processor.AppenderRefModelHandler - Attaching appender named [FILE] to Logger[ROOT]
17:08:49,977 |-INFO in ch.qos.logback.core.model.processor.DefaultProcessor@74f7d1d2 - End of configuration.
17:08:49,979 |-INFO in ch.qos.logback.classic.joran.JoranConfigurator@4b4dd216 - Registering current configuration as safe fallback point
17:08:49,979 |-INFO in ch.qos.logback.classic.util.ContextInitializer@486be205 - ch.qos.logback.classic.util.DefaultJoranConfigurator.configure() call lasted 301 milliseconds. ExecutionStatus=DO_NOT_INVOKE_NEXT_IF_ANY

2026-03-20 17:08:50.129 [main] INFO  o.s.t.c.s.AnnotationConfigContextLoaderUtils - Could not detect default configuration classes for test class [com.itheima.TliasWebManagementApplicationTests]: TliasWebManagementApplicationTests does not declare any static, non-private, non-final, nested classes annotated with @Configuration.
2026-03-20 17:08:50.327 [main] INFO  o.s.b.t.c.SpringBootTestContextBootstrapper - Found @SpringBootConfiguration com.itheima.TliasWebManagementApplication for test class com.itheima.TliasWebManagementApplicationTests

  .   ____          _            __ _ _
 /\\ / ___'_ __ _ _(_)_ __  __ _ \ \ \ \
( ( )\___ | '_ | '_| | '_ \/ _` | \ \ \ \
 \\/  ___)| |_)| | | | | || (_| |  ) ) ) )
  '  |____| .__|_| |_|_| |_\__, | / / / /
 =========|_|==============|___/=/_/_/_/

 :: Spring Boot ::                (v4.0.3)

2026-03-20 17:08:51.194 [main] INFO  c.i.TliasWebManagementApplicationTests - Starting TliasWebManagementApplicationTests using Java 21.0.10 with PID 40712 (started by SHEN in D:\SHEN\projects\java\web-project\springboot-web-02\tlias-web-management)
2026-03-20 17:08:51.195 [main] INFO  c.i.TliasWebManagementApplicationTests - No active profile set, falling back to 1 default profile: "default"
Logging initialized using 'class org.apache.ibatis.logging.stdout.StdOutImpl' adapter.


,------.                           ,--.  ,--.         ,--.                         
|  .--. '  ,--,--.  ,---.   ,---.  |  '--'  |  ,---.  |  |  ,---.   ,---.  ,--.--. 
|  '--' | ' ,-.  | | .-. | | .-. : |  .--.  | | .-. : |  | | .-. | | .-. : |  .--' 
|  | --'  \ '-'  | ' '-' ' \   --. |  |  |  | \   --. |  | | '-' ' \   --. |  |    
`--'       `--`--' .`-  /   `----' `--'  `--'  `----' `--' |  |-'   `----' `--'    
                   `---'                                   `--'                        is intercepting.

2026-03-20 17:08:55.210 [main] INFO  c.i.TliasWebManagementApplicationTests - Started TliasWebManagementApplicationTests in 4.512 seconds (process running for 7.129)
]]></system-out>
    <system-err><![CDATA[17:08:51,050 |-WARN in ch.qos.logback.core.model.processor.ImplicitModelHandler - Ignoring unknown property [maxFileSize] in [ch.qos.logback.core.rolling.TimeBasedRollingPolicy]
Mockito is currently self-attaching to enable the inline-mock-maker. This will no longer work in future releases of the JDK. Please add Mockito as an agent to your build as described in Mockito's documentation: https://javadoc.io/doc/org.mockito/mockito-core/latest/org.mockito/org/mockito/Mockito.html#0.3
WARNING: A Java agent has been loaded dynamically (C:\Users\SHEN\.m2\repository\net\bytebuddy\byte-buddy-agent\1.17.8\byte-buddy-agent-1.17.8.jar)
WARNING: If a serviceability tool is in use, please run with -XX:+EnableDynamicAgentLoading to hide this warning
WARNING: If a serviceability tool is not in use, please run with -Djdk.instrument.traceUsage for more information
WARNING: Dynamic loading of agents will be disallowed by default in a future release
]]></system-err>
  </testcase>
</testsuite>