<?xml version="1.0" encoding="UTF-8"?>
<testsuite xmlns:xsi="http://www.w3.org/2001/XMLSchema-instance" xsi:noNamespaceSchemaLocation="https://maven.apache.org/surefire/maven-surefire-plugin/xsd/surefire-test-report.xsd" version="3.0.2" name="com.itheima.JwtTest" time="1.617" tests="2" errors="1" skipped="0" failures="0">
  <properties>
[...]
</properties>
  <testcase name="testGenerateJwt" classname="com.itheima.JwtTest" time="1.502">
    <system-out><![CDATA[eyJhbGciOiJIUzI1NiJ9.eyJpZCI6MSwidXNlcm5hbWUiOiJhZG1pbiIsImV4cCI6MTc3Mzk5OTMyNX0.90hoJ8iVoLgareWL9lJDAaYqaSR6fgaA1-NGUd2XUhE
]]></system-out>
  </testcase>
  <testcase name="testParseJwt" classname="com.itheima.JwtTest" time="0.058">
    <error message="JWT expired at 2026-03-20T11:34:22Z. Current time: 2026-03-20T16:35:26Z, a difference of 18064107 milliseconds.  Allowed clock skew: 0 milliseconds." type="io.jsonwebtoken.ExpiredJwtException"><![CDATA[io.jsonwebtoken.ExpiredJwtException: JWT expired at 2026-03-20T11:34:22Z. Current time: 2026-03-20T16:35:26Z, a difference of 18064107 milliseconds.  Allowed clock skew: 0 milliseconds.
	at io.jsonwebtoken.impl.DefaultJwtParser.parse(DefaultJwtParser.java:385)
	at io.jsonwebtoken.impl.DefaultJwtParser.parse(DefaultJwtParser.java:481)
	at io.jsonwebtoken.impl.DefaultJwtParser.parseClaimsJws(DefaultJwtParser.java:541)
	at com.itheima.JwtTest.testParseJwt(JwtTest.java:31)
]]></error>
  </testcase>
</testsuite>